[2019-12-17 04:20 UTC] HTTP request of validation request:POST /cgi-bin/webscr HTTP/1.1
Host: www.sandbox.paypal.com
Accept: */*
Connection: Close
Content-Length: 20
Content-Type: application/x-www-form-urlencoded

 for IPN payload: cmd=_notify-validate
[2019-12-17 04:20 UTC] HTTP response of validation request: HTTP/1.1 200 OK
Cache-Control: max-age=0, no-cache, no-store, must-revalidate
Content-Type: text/html; charset=UTF-8
Date: Tue, 17 Dec 2019 04:20:42 GMT
Paypal-Debug-Id: c655e020c7c3b
Set-Cookie: c9MWDuvPtT9GIMyPc3jwol1VSlO=SkW64kM9efsHJSYjmfoldmFDpDhf85CuZTQZuhsyCL-ejU6x8L_PeV8RetNy83MjOAtriEqAXVBC19GHI9qNVE3Gcok_hztiFzIXx9fESFbmu8LBQbz1q7i-1hTBpkoFrzahmibssxa4QRuPcvhOaRpe0JaS50cz8z50Us_ERDFbpHgKo1feZVquO2AKAUdt28X66Iu81SGY1s2DHcowGXKpV6VyNo_8sqLXqDWGCIXFOFHgfr7-qslf2CBEKboHptr6KQmictXaJ8DCYHYeHMmE74LIyi2FSptWRdrk8DbwalitGg4oqzS-pBt3nK3KP-o4tXZf2ujb4CcO0ZjmmLRAzMlqp5ZTsyZfmktK2Ss-n4K2V-qyGH_Csr-rW5gRN0fnLwtBKFoWiPmoEJtSXq3T4aOOkS8HP8BSVs-298iVvdvaRMCONYHvd_m; Path=/; Domain=paypal.com; HttpOnly; Secure
Set-Cookie: cookie_check=yes; Path=/; Domain=paypal.com; Expires=Fri, 14 Dec 2029 04:20:43 GMT; HttpOnly; Secure
Set-Cookie: navcmd=_notify-validate; Path=/; Domain=paypal.com; HttpOnly; Secure
Set-Cookie: navlns=0.0; Path=/; Domain=paypal.com; Expires=Thu, 16 Dec 2021 04:20:43 GMT; HttpOnly; Secure
Set-Cookie: Apache=10.72.108.11.1576556442579632; Path=/
Set-Cookie: X-PP-SILOVER=name%3DSANDBOX3.WEB.1%26silo_version%3D880%26app%3Dappdispatcher%26TIME%3D1576556443%26HTTP_X_PP_AZ_LOCATOR%3Dsandbox.slc; Path=/; Domain=paypal.com; Expires=Tue, 17 Dec 2019 04:50:43 GMT; HttpOnly; Secure
Set-Cookie: X-PP-L7=1; Path=/; Domain=paypal.com; Secure
Vary: Accept-Encoding,User-Agent
X-Frame-Options: SAMEORIGIN
Content-Length: 7
Connection: close
Strict-Transport-Security: max-age=63072000

INVALID
[2019-12-17 04:20 UTC] Invalid IPN: cmd=_notify-validate
